<?xml version="1.0" encoding="UTF-8"?>
<!-- Generated by org.testng.reporters.JUnitReportReporter -->
<testsuite hostname="G1-HVMK0F3-L" failures="0" tests="2" name="com.crm.qa.testcases.HomePageTests" time="35.680" errors="0" timestamp="2021-08-16T20:55:42 IST" skipped="0">
  <testcase classname="com.crm.qa.testcases.HomePageTests" name="validateLoginUser" time="17.931"/>
  <system-out/>
  <testcase classname="com.crm.qa.testcases.HomePageTests" name="validateContactsLinkTest" time="17.749"/>
  <system-out/>
</testsuite> <!-- com.crm.qa.testcases.HomePageTests -->
