<?xml version="1.0" encoding="UTF-8"?>
<!-- Generated by org.testng.reporters.JUnitReportReporter -->
<testsuite hostname="G1-HVMK0F3-L" failures="0" tests="3" name="com.crm.qa.testcases.LoginPageTest" time="38.834" errors="0" timestamp="2021-08-16T20:55:42 IST" skipped="0">
  <testcase classname="com.crm.qa.testcases.LoginPageTest" name="loginPageTitleTest" time="7.637"/>
  <system-out/>
  <testcase classname="com.crm.qa.testcases.LoginPageTest" name="validateCrmImageTest" time="11.873"/>
  <system-out/>
  <testcase classname="com.crm.qa.testcases.LoginPageTest" name="loginTest" time="19.324"/>
  <system-out/>
</testsuite> <!-- com.crm.qa.testcases.LoginPageTest -->
